{"C:\\Users\\Ana Belen Obolevich\\OneDrive\\MICROVERSE\\CURRICULUM\\Vaccinator-Phaser-Game\\src\\Scenes\\BootScene.js": {"path":"C:\\Users\\Ana Belen Obolevich\\OneDrive\\MICROVERSE\\CURRICULUM\\Vaccinator-Phaser-Game\\src\\Scenes\\BootScene.js","statementMap":{"0":{"start":{"line":5,"column":4},"end":{"line":5,"column":18}},"1":{"start":{"line":9,"column":4},"end":{"line":9,"column":54}},"2":{"start":{"line":13,"column":4},"end":{"line":13,"column":52}},"3":{"start":{"line":14,"column":4},"end":{"line":14,"column":34}}},"fnMap":{"0":{"name":"(anonymous_0)","decl":{"start":{"line":4,"column":2},"end":{"line":4,"column":3}},"loc":{"start":{"line":4,"column":16},"end":{"line":6,"column":3}},"line":4},"1":{"name":"(anonymous_1)","decl":{"start":{"line":8,"column":2},"end":{"line":8,"column":3}},"loc":{"start":{"line":8,"column":12},"end":{"line":10,"column":3}},"line":8},"2":{"name":"(anonymous_2)","decl":{"start":{"line":12,"column":2},"end":{"line":12,"column":3}},"loc":{"start":{"line":12,"column":11},"end":{"line":15,"column":3}},"line":12}},"branchMap":{},"s":{"0":0,"1":0,"2":0,"3":0},"f":{"0":0,"1":0,"2":0},"b":{},"_coverageSchema":"1a1c01bbd47fc00a2c39e90264f33305004495a9","hash":"70025ebb1db074133b2864d3b07b9a348e906e3b"}
,"C:\\Users\\Ana Belen Obolevich\\OneDrive\\MICROVERSE\\CURRICULUM\\Vaccinator-Phaser-Game\\src\\Scenes\\CreditsScene.js": {"path":"C:\\Users\\Ana Belen Obolevich\\OneDrive\\MICROVERSE\\CURRICULUM\\Vaccinator-Phaser-Game\\src\\Scenes\\CreditsScene.js","statementMap":{"0":{"start":{"line":5,"column":4},"end":{"line":5,"column":21}},"1":{"start":{"line":9,"column":4},"end":{"line":12,"column":7}},"2":{"start":{"line":13,"column":4},"end":{"line":16,"column":7}},"3":{"start":{"line":17,"column":4},"end":{"line":22,"column":6}},"4":{"start":{"line":24,"column":4},"end":{"line":24,"column":64}},"5":{"start":{"line":25,"column":4},"end":{"line":25,"column":63}},"6":{"start":{"line":27,"column":4},"end":{"line":27,"column":31}},"7":{"start":{"line":29,"column":4},"end":{"line":38,"column":7}},"8":{"start":{"line":36,"column":8},"end":{"line":36,"column":23}},"9":{"start":{"line":40,"column":4},"end":{"line":51,"column":7}},"10":{"start":{"line":48,"column":8},"end":{"line":48,"column":35}},"11":{"start":{"line":49,"column":8},"end":{"line":49,"column":34}},"12":{"start":{"line":53,"column":4},"end":{"line":53,"column":55}},"13":{"start":{"line":55,"column":4},"end":{"line":63,"column":6}},"14":{"start":{"line":65,"column":4},"end":{"line":67,"column":7}},"15":{"start":{"line":66,"column":6},"end":{"line":66,"column":32}}},"fnMap":{"0":{"name":"(anonymous_0)","decl":{"start":{"line":4,"column":2},"end":{"line":4,"column":3}},"loc":{"start":{"line":4,"column":16},"end":{"line":6,"column":3}},"line":4},"1":{"name":"(anonymous_1)","decl":{"start":{"line":8,"column":2},"end":{"line":8,"column":3}},"loc":{"start":{"line":8,"column":11},"end":{"line":68,"column":3}},"line":8},"2":{"name":"(anonymous_2)","decl":{"start":{"line":35,"column":6},"end":{"line":35,"column":7}},"loc":{"start":{"line":35,"column":19},"end":{"line":37,"column":7}},"line":35},"3":{"name":"(anonymous_3)","decl":{"start":{"line":47,"column":18},"end":{"line":47,"column":19}},"loc":{"start":{"line":47,"column":24},"end":{"line":50,"column":7}},"line":47},"4":{"name":"(anonymous_4)","decl":{"start":{"line":65,"column":34},"end":{"line":65,"column":35}},"loc":{"start":{"line":65,"column":40},"end":{"line":67,"column":5}},"line":65}},"branchMap":{},"s":{"0":0,"1":0,"2":0,"3":0,"4":0,"5":0,"6":0,"7":0,"8":0,"9":0,"10":0,"11":0,"12":0,"13":0,"14":0,"15":0},"f":{"0":0,"1":0,"2":0,"3":0,"4":0},"b":{},"_coverageSchema":"1a1c01bbd47fc00a2c39e90264f33305004495a9","hash":"369520f5c471d8b785e613f95fd4e25430922834"}
,"C:\\Users\\Ana Belen Obolevich\\OneDrive\\MICROVERSE\\CURRICULUM\\Vaccinator-Phaser-Game\\src\\Scenes\\GameOverScene.js": {"path":"C:\\Users\\Ana Belen Obolevich\\OneDrive\\MICROVERSE\\CURRICULUM\\Vaccinator-Phaser-Game\\src\\Scenes\\GameOverScene.js","statementMap":{"0":{"start":{"line":7,"column":4},"end":{"line":7,"column":22}},"1":{"start":{"line":13,"column":26},"end":{"line":13,"column":53}},"2":{"start":{"line":14,"column":4},"end":{"line":14,"column":25}},"3":{"start":{"line":15,"column":25},"end":{"line":19,"column":5}},"4":{"start":{"line":20,"column":4},"end":{"line":20,"column":33}},"5":{"start":{"line":23,"column":4},"end":{"line":28,"column":5}},"6":{"start":{"line":24,"column":6},"end":{"line":24,"column":64}},"7":{"start":{"line":25,"column":6},"end":{"line":25,"column":27}},"8":{"start":{"line":27,"column":6},"end":{"line":27,"column":69}},"9":{"start":{"line":30,"column":33},"end":{"line":34,"column":5}},"10":{"start":{"line":35,"column":4},"end":{"line":35,"column":41}},"11":{"start":{"line":37,"column":4},"end":{"line":85,"column":7}},"12":{"start":{"line":38,"column":23},"end":{"line":40,"column":7}},"13":{"start":{"line":39,"column":8},"end":{"line":39,"column":34}},"14":{"start":{"line":42,"column":6},"end":{"line":84,"column":7}},"15":{"start":{"line":43,"column":25},"end":{"line":47,"column":9}},"16":{"start":{"line":48,"column":8},"end":{"line":52,"column":10}},"17":{"start":{"line":53,"column":8},"end":{"line":53,"column":33}},"18":{"start":{"line":54,"column":8},"end":{"line":54,"column":37}},"19":{"start":{"line":57,"column":8},"end":{"line":66,"column":21}},"20":{"start":{"line":58,"column":27},"end":{"line":58,"column":86}},"21":{"start":{"line":59,"column":10},"end":{"line":65,"column":11}},"22":{"start":{"line":60,"column":12},"end":{"line":64,"column":15}},"23":{"start":{"line":61,"column":14},"end":{"line":63,"column":17}},"24":{"start":{"line":62,"column":16},"end":{"line":62,"column":48}},"25":{"start":{"line":68,"column":19},"end":{"line":68,"column":20}},"26":{"start":{"line":69,"column":25},"end":{"line":69,"column":44}},"27":{"start":{"line":70,"column":8},"end":{"line":82,"column":11}},"28":{"start":{"line":71,"column":10},"end":{"line":75,"column":12}},"29":{"start":{"line":76,"column":10},"end":{"line":80,"column":12}},"30":{"start":{"line":81,"column":10},"end":{"line":81,"column":21}},"31":{"start":{"line":83,"column":8},"end":{"line":83,"column":56}}},"fnMap":{"0":{"name":"(anonymous_0)","decl":{"start":{"line":6,"column":2},"end":{"line":6,"column":3}},"loc":{"start":{"line":6,"column":16},"end":{"line":8,"column":3}},"line":6},"1":{"name":"(anonymous_1)","decl":{"start":{"line":10,"column":2},"end":{"line":10,"column":3}},"loc":{"start":{"line":10,"column":11},"end":{"line":86,"column":3}},"line":10},"2":{"name":"(anonymous_2)","decl":{"start":{"line":37,"column":21},"end":{"line":37,"column":22}},"loc":{"start":{"line":37,"column":33},"end":{"line":85,"column":5}},"line":37},"3":{"name":"(anonymous_3)","decl":{"start":{"line":38,"column":23},"end":{"line":38,"column":24}},"loc":{"start":{"line":38,"column":29},"end":{"line":40,"column":7}},"line":38},"4":{"name":"(anonymous_4)","decl":{"start":{"line":57,"column":36},"end":{"line":57,"column":37}},"loc":{"start":{"line":57,"column":42},"end":{"line":66,"column":9}},"line":57},"5":{"name":"(anonymous_5)","decl":{"start":{"line":60,"column":50},"end":{"line":60,"column":51}},"loc":{"start":{"line":60,"column":56},"end":{"line":64,"column":13}},"line":60},"6":{"name":"(anonymous_6)","decl":{"start":{"line":61,"column":31},"end":{"line":61,"column":32}},"loc":{"start":{"line":61,"column":37},"end":{"line":63,"column":15}},"line":61},"7":{"name":"(anonymous_7)","decl":{"start":{"line":70,"column":25},"end":{"line":70,"column":26}},"loc":{"start":{"line":70,"column":38},"end":{"line":82,"column":9}},"line":70}},"branchMap":{"0":{"loc":{"start":{"line":42,"column":6},"end":{"line":84,"column":7}},"type":"if","locations":[{"start":{"line":42,"column":6},"end":{"line":84,"column":7}},{"start":{"line":42,"column":6},"end":{"line":84,"column":7}}],"line":42},"1":{"loc":{"start":{"line":59,"column":10},"end":{"line":65,"column":11}},"type":"if","locations":[{"start":{"line":59,"column":10},"end":{"line":65,"column":11}},{"start":{"line":59,"column":10},"end":{"line":65,"column":11}}],"line":59},"2":{"loc":{"start":{"line":59,"column":14},"end":{"line":59,"column":76}},"type":"binary-expr","locations":[{"start":{"line":59,"column":14},"end":{"line":59,"column":29}},{"start":{"line":59,"column":33},"end":{"line":59,"column":55}},{"start":{"line":59,"column":59},"end":{"line":59,"column":76}}],"line":59}},"s":{"0":0,"1":0,"2":0,"3":0,"4":0,"5":0,"6":0,"7":0,"8":0,"9":0,"10":0,"11":0,"12":0,"13":0,"14":0,"15":0,"16":0,"17":0,"18":0,"19":0,"20":0,"21":0,"22":0,"23":0,"24":0,"25":0,"26":0,"27":0,"28":0,"29":0,"30":0,"31":0},"f":{"0":0,"1":0,"2":0,"3":0,"4":0,"5":0,"6":0,"7":0},"b":{"0":[0,0],"1":[0,0],"2":[0,0,0]},"_coverageSchema":"1a1c01bbd47fc00a2c39e90264f33305004495a9","hash":"adb63d773e065225b4f244c3cabed6c409c45c79"}
,"C:\\Users\\Ana Belen Obolevich\\OneDrive\\MICROVERSE\\CURRICULUM\\Vaccinator-Phaser-Game\\src\\Scenes\\GameScene.js": {"path":"C:\\Users\\Ana Belen Obolevich\\OneDrive\\MICROVERSE\\CURRICULUM\\Vaccinator-Phaser-Game\\src\\Scenes\\GameScene.js","statementMap":{"0":{"start":{"line":4,"column":12},"end":{"line":4,"column":13}},"1":{"start":{"line":8,"column":4},"end":{"line":8,"column":18}},"2":{"start":{"line":12,"column":20},"end":{"line":12,"column":64}},"3":{"start":{"line":13,"column":4},"end":{"line":13,"column":19}},"4":{"start":{"line":14,"column":4},"end":{"line":20,"column":22}},"5":{"start":{"line":21,"column":4},"end":{"line":23,"column":21}},"6":{"start":{"line":24,"column":4},"end":{"line":24,"column":38}},"7":{"start":{"line":25,"column":4},"end":{"line":25,"column":29}},"8":{"start":{"line":26,"column":4},"end":{"line":26,"column":32}},"9":{"start":{"line":27,"column":4},"end":{"line":27,"column":30}},"10":{"start":{"line":28,"column":4},"end":{"line":28,"column":36}},"11":{"start":{"line":29,"column":4},"end":{"line":29,"column":47}},"12":{"start":{"line":30,"column":4},"end":{"line":30,"column":58}},"13":{"start":{"line":32,"column":4},"end":{"line":32,"column":62}},"14":{"start":{"line":34,"column":4},"end":{"line":38,"column":6}},"15":{"start":{"line":40,"column":4},"end":{"line":44,"column":7}},"16":{"start":{"line":46,"column":4},"end":{"line":49,"column":7}},"17":{"start":{"line":47,"column":6},"end":{"line":47,"column":27}},"18":{"start":{"line":48,"column":6},"end":{"line":48,"column":46}},"19":{"start":{"line":51,"column":4},"end":{"line":72,"column":6}},"20":{"start":{"line":52,"column":6},"end":{"line":52,"column":19}},"21":{"start":{"line":53,"column":6},"end":{"line":53,"column":33}},"22":{"start":{"line":54,"column":6},"end":{"line":71,"column":7}},"23":{"start":{"line":55,"column":8},"end":{"line":55,"column":23}},"24":{"start":{"line":56,"column":8},"end":{"line":60,"column":9}},"25":{"start":{"line":57,"column":10},"end":{"line":57,"column":67}},"26":{"start":{"line":59,"column":10},"end":{"line":59,"column":66}},"27":{"start":{"line":61,"column":8},"end":{"line":61,"column":18}},"28":{"start":{"line":62,"column":8},"end":{"line":62,"column":37}},"29":{"start":{"line":63,"column":13},"end":{"line":71,"column":7}},"30":{"start":{"line":64,"column":8},"end":{"line":64,"column":39}},"31":{"start":{"line":65,"column":8},"end":{"line":65,"column":39}},"32":{"start":{"line":66,"column":8},"end":{"line":66,"column":38}},"33":{"start":{"line":67,"column":8},"end":{"line":67,"column":28}},"34":{"start":{"line":68,"column":8},"end":{"line":68,"column":31}},"35":{"start":{"line":69,"column":8},"end":{"line":69,"column":63}},"36":{"start":{"line":70,"column":8},"end":{"line":70,"column":44}},"37":{"start":{"line":73,"column":4},"end":{"line":79,"column":6}},"38":{"start":{"line":76,"column":12},"end":{"line":76,"column":56}},"39":{"start":{"line":83,"column":27},"end":{"line":83,"column":74}},"40":{"start":{"line":85,"column":4},"end":{"line":98,"column":5}},"41":{"start":{"line":86,"column":6},"end":{"line":86,"column":40}},"42":{"start":{"line":87,"column":6},"end":{"line":87,"column":32}},"43":{"start":{"line":88,"column":11},"end":{"line":98,"column":5}},"44":{"start":{"line":91,"column":6},"end":{"line":91,"column":31}},"45":{"start":{"line":92,"column":11},"end":{"line":98,"column":5}},"46":{"start":{"line":93,"column":6},"end":{"line":93,"column":47}},"47":{"start":{"line":94,"column":6},"end":{"line":94,"column":33}},"48":{"start":{"line":95,"column":11},"end":{"line":98,"column":5}},"49":{"start":{"line":96,"column":6},"end":{"line":96,"column":47}},"50":{"start":{"line":97,"column":6},"end":{"line":97,"column":33}},"51":{"start":{"line":100,"column":4},"end":{"line":109,"column":7}},"52":{"start":{"line":101,"column":6},"end":{"line":108,"column":7}},"53":{"start":{"line":102,"column":8},"end":{"line":102,"column":22}},"54":{"start":{"line":103,"column":8},"end":{"line":103,"column":38}},"55":{"start":{"line":105,"column":8},"end":{"line":105,"column":86}},"56":{"start":{"line":106,"column":8},"end":{"line":106,"column":70}},"57":{"start":{"line":107,"column":8},"end":{"line":107,"column":47}},"58":{"start":{"line":111,"column":4},"end":{"line":111,"column":46}}},"fnMap":{"0":{"name":"(anonymous_0)","decl":{"start":{"line":7,"column":2},"end":{"line":7,"column":3}},"loc":{"start":{"line":7,"column":16},"end":{"line":9,"column":3}},"line":7},"1":{"name":"(anonymous_1)","decl":{"start":{"line":11,"column":2},"end":{"line":11,"column":3}},"loc":{"start":{"line":11,"column":11},"end":{"line":80,"column":3}},"line":11},"2":{"name":"(anonymous_2)","decl":{"start":{"line":46,"column":33},"end":{"line":46,"column":34}},"loc":{"start":{"line":46,"column":44},"end":{"line":49,"column":5}},"line":46},"3":{"name":"(anonymous_3)","decl":{"start":{"line":51,"column":22},"end":{"line":51,"column":23}},"loc":{"start":{"line":51,"column":43},"end":{"line":72,"column":5}},"line":51},"4":{"name":"(anonymous_4)","decl":{"start":{"line":76,"column":6},"end":{"line":76,"column":7}},"loc":{"start":{"line":76,"column":12},"end":{"line":76,"column":56}},"line":76},"5":{"name":"(anonymous_5)","decl":{"start":{"line":82,"column":2},"end":{"line":82,"column":3}},"loc":{"start":{"line":82,"column":11},"end":{"line":112,"column":3}},"line":82},"6":{"name":"(anonymous_6)","decl":{"start":{"line":100,"column":33},"end":{"line":100,"column":34}},"loc":{"start":{"line":100,"column":44},"end":{"line":109,"column":5}},"line":100}},"branchMap":{"0":{"loc":{"start":{"line":54,"column":6},"end":{"line":71,"column":7}},"type":"if","locations":[{"start":{"line":54,"column":6},"end":{"line":71,"column":7}},{"start":{"line":54,"column":6},"end":{"line":71,"column":7}}],"line":54},"1":{"loc":{"start":{"line":63,"column":13},"end":{"line":71,"column":7}},"type":"if","locations":[{"start":{"line":63,"column":13},"end":{"line":71,"column":7}},{"start":{"line":63,"column":13},"end":{"line":71,"column":7}}],"line":63},"2":{"loc":{"start":{"line":85,"column":4},"end":{"line":98,"column":5}},"type":"if","locations":[{"start":{"line":85,"column":4},"end":{"line":98,"column":5}},{"start":{"line":85,"column":4},"end":{"line":98,"column":5}}],"line":85},"3":{"loc":{"start":{"line":85,"column":8},"end":{"line":85,"column":72}},"type":"binary-expr","locations":[{"start":{"line":85,"column":8},"end":{"line":85,"column":22}},{"start":{"line":85,"column":26},"end":{"line":85,"column":72}}],"line":85},"4":{"loc":{"start":{"line":88,"column":11},"end":{"line":98,"column":5}},"type":"if","locations":[{"start":{"line":88,"column":11},"end":{"line":98,"column":5}},{"start":{"line":88,"column":11},"end":{"line":98,"column":5}}],"line":88},"5":{"loc":{"start":{"line":88,"column":15},"end":{"line":90,"column":35}},"type":"binary-expr","locations":[{"start":{"line":88,"column":15},"end":{"line":88,"column":35}},{"start":{"line":89,"column":9},"end":{"line":89,"column":38}},{"start":{"line":90,"column":9},"end":{"line":90,"column":35}}],"line":88},"6":{"loc":{"start":{"line":92,"column":11},"end":{"line":98,"column":5}},"type":"if","locations":[{"start":{"line":92,"column":11},"end":{"line":98,"column":5}},{"start":{"line":92,"column":11},"end":{"line":98,"column":5}}],"line":92},"7":{"loc":{"start":{"line":95,"column":11},"end":{"line":98,"column":5}},"type":"if","locations":[{"start":{"line":95,"column":11},"end":{"line":98,"column":5}},{"start":{"line":95,"column":11},"end":{"line":98,"column":5}}],"line":95},"8":{"loc":{"start":{"line":101,"column":6},"end":{"line":108,"column":7}},"type":"if","locations":[{"start":{"line":101,"column":6},"end":{"line":108,"column":7}},{"start":{"line":101,"column":6},"end":{"line":108,"column":7}}],"line":101},"9":{"loc":{"start":{"line":101,"column":10},"end":{"line":101,"column":40}},"type":"binary-expr","locations":[{"start":{"line":101,"column":10},"end":{"line":101,"column":23}},{"start":{"line":101,"column":27},"end":{"line":101,"column":40}}],"line":101}},"s":{"0":1,"1":0,"2":0,"3":0,"4":0,"5":0,"6":0,"7":0,"8":0,"9":0,"10":0,"11":0,"12":0,"13":0,"14":0,"15":0,"16":0,"17":0,"18":0,"19":0,"20":0,"21":0,"22":0,"23":0,"24":0,"25":0,"26":0,"27":0,"28":0,"29":0,"30":0,"31":0,"32":0,"33":0,"34":0,"35":0,"36":0,"37":0,"38":0,"39":0,"40":0,"41":0,"42":0,"43":0,"44":0,"45":0,"46":0,"47":0,"48":0,"49":0,"50":0,"51":0,"52":0,"53":0,"54":0,"55":0,"56":0,"57":0,"58":0},"f":{"0":0,"1":0,"2":0,"3":0,"4":0,"5":0,"6":0},"b":{"0":[0,0],"1":[0,0],"2":[0,0],"3":[0,0],"4":[0,0],"5":[0,0,0],"6":[0,0],"7":[0,0],"8":[0,0],"9":[0,0]},"_coverageSchema":"1a1c01bbd47fc00a2c39e90264f33305004495a9","hash":"b5f1ad450b1402dc1b17d67adff87b590f5fe903"}
,"C:\\Users\\Ana Belen Obolevich\\OneDrive\\MICROVERSE\\CURRICULUM\\Vaccinator-Phaser-Game\\src\\Scenes\\LeaderboardScene.js": {"path":"C:\\Users\\Ana Belen Obolevich\\OneDrive\\MICROVERSE\\CURRICULUM\\Vaccinator-Phaser-Game\\src\\Scenes\\LeaderboardScene.js","statementMap":{"0":{"start":{"line":6,"column":4},"end":{"line":6,"column":25}},"1":{"start":{"line":10,"column":33},"end":{"line":14,"column":5}},"2":{"start":{"line":15,"column":4},"end":{"line":15,"column":41}},"3":{"start":{"line":16,"column":4},"end":{"line":28,"column":71}},"4":{"start":{"line":17,"column":17},"end":{"line":17,"column":18}},"5":{"start":{"line":18,"column":23},"end":{"line":18,"column":43}},"6":{"start":{"line":19,"column":6},"end":{"line":27,"column":9}},"7":{"start":{"line":20,"column":8},"end":{"line":22,"column":27}},"8":{"start":{"line":23,"column":8},"end":{"line":25,"column":27}},"9":{"start":{"line":26,"column":8},"end":{"line":26,"column":19}},"10":{"start":{"line":28,"column":24},"end":{"line":28,"column":70}},"11":{"start":{"line":30,"column":21},"end":{"line":32,"column":5}},"12":{"start":{"line":31,"column":6},"end":{"line":31,"column":32}},"13":{"start":{"line":34,"column":4},"end":{"line":34,"column":52}}},"fnMap":{"0":{"name":"(anonymous_0)","decl":{"start":{"line":5,"column":2},"end":{"line":5,"column":3}},"loc":{"start":{"line":5,"column":16},"end":{"line":7,"column":3}},"line":5},"1":{"name":"(anonymous_1)","decl":{"start":{"line":9,"column":2},"end":{"line":9,"column":3}},"loc":{"start":{"line":9,"column":11},"end":{"line":35,"column":3}},"line":9},"2":{"name":"(anonymous_2)","decl":{"start":{"line":16,"column":21},"end":{"line":16,"column":22}},"loc":{"start":{"line":16,"column":34},"end":{"line":28,"column":5}},"line":16},"3":{"name":"(anonymous_3)","decl":{"start":{"line":19,"column":23},"end":{"line":19,"column":24}},"loc":{"start":{"line":19,"column":36},"end":{"line":27,"column":7}},"line":19},"4":{"name":"(anonymous_4)","decl":{"start":{"line":28,"column":15},"end":{"line":28,"column":16}},"loc":{"start":{"line":28,"column":24},"end":{"line":28,"column":70}},"line":28},"5":{"name":"(anonymous_5)","decl":{"start":{"line":30,"column":21},"end":{"line":30,"column":22}},"loc":{"start":{"line":30,"column":27},"end":{"line":32,"column":5}},"line":30}},"branchMap":{},"s":{"0":0,"1":0,"2":0,"3":0,"4":0,"5":0,"6":0,"7":0,"8":0,"9":0,"10":0,"11":0,"12":0,"13":0},"f":{"0":0,"1":0,"2":0,"3":0,"4":0,"5":0},"b":{},"_coverageSchema":"1a1c01bbd47fc00a2c39e90264f33305004495a9","hash":"1e626fd90cf67fac14c922081449fc60e1306d40"}
,"C:\\Users\\Ana Belen Obolevich\\OneDrive\\MICROVERSE\\CURRICULUM\\Vaccinator-Phaser-Game\\src\\Scenes\\PreloaderScene.js": {"path":"C:\\Users\\Ana Belen Obolevich\\OneDrive\\MICROVERSE\\CURRICULUM\\Vaccinator-Phaser-Game\\src\\Scenes\\PreloaderScene.js","statementMap":{"0":{"start":{"line":5,"column":4},"end":{"line":5,"column":23}},"1":{"start":{"line":9,"column":4},"end":{"line":9,"column":58}},"2":{"start":{"line":10,"column":4},"end":{"line":10,"column":48}},"3":{"start":{"line":11,"column":4},"end":{"line":11,"column":53}},"4":{"start":{"line":12,"column":4},"end":{"line":12,"column":101}},"5":{"start":{"line":13,"column":4},"end":{"line":16,"column":7}},"6":{"start":{"line":17,"column":4},"end":{"line":17,"column":59}},"7":{"start":{"line":18,"column":4},"end":{"line":18,"column":52}},"8":{"start":{"line":19,"column":4},"end":{"line":19,"column":58}},"9":{"start":{"line":20,"column":4},"end":{"line":20,"column":62}},"10":{"start":{"line":21,"column":4},"end":{"line":21,"column":54}},"11":{"start":{"line":22,"column":4},"end":{"line":22,"column":68}},"12":{"start":{"line":23,"column":4},"end":{"line":23,"column":60}},"13":{"start":{"line":24,"column":4},"end":{"line":24,"column":58}},"14":{"start":{"line":25,"column":4},"end":{"line":25,"column":60}},"15":{"start":{"line":26,"column":4},"end":{"line":26,"column":64}},"16":{"start":{"line":27,"column":4},"end":{"line":27,"column":63}},"17":{"start":{"line":28,"column":4},"end":{"line":28,"column":61}},"18":{"start":{"line":30,"column":24},"end":{"line":30,"column":43}},"19":{"start":{"line":31,"column":24},"end":{"line":31,"column":43}},"20":{"start":{"line":32,"column":22},"end":{"line":32,"column":39}},"21":{"start":{"line":33,"column":23},"end":{"line":33,"column":40}},"22":{"start":{"line":34,"column":24},"end":{"line":42,"column":6}},"23":{"start":{"line":43,"column":4},"end":{"line":43,"column":36}},"24":{"start":{"line":44,"column":24},"end":{"line":52,"column":6}},"25":{"start":{"line":53,"column":4},"end":{"line":53,"column":36}},"26":{"start":{"line":54,"column":22},"end":{"line":62,"column":6}},"27":{"start":{"line":63,"column":4},"end":{"line":63,"column":34}},"28":{"start":{"line":64,"column":4},"end":{"line":64,"column":41}},"29":{"start":{"line":65,"column":4},"end":{"line":65,"column":44}},"30":{"start":{"line":67,"column":4},"end":{"line":72,"column":7}},"31":{"start":{"line":68,"column":6},"end":{"line":68,"column":59}},"32":{"start":{"line":69,"column":6},"end":{"line":69,"column":26}},"33":{"start":{"line":70,"column":6},"end":{"line":70,"column":41}},"34":{"start":{"line":71,"column":6},"end":{"line":71,"column":54}},"35":{"start":{"line":74,"column":4},"end":{"line":76,"column":7}},"36":{"start":{"line":75,"column":6},"end":{"line":75,"column":54}},"37":{"start":{"line":78,"column":4},"end":{"line":84,"column":7}},"38":{"start":{"line":79,"column":6},"end":{"line":79,"column":28}},"39":{"start":{"line":80,"column":6},"end":{"line":80,"column":28}},"40":{"start":{"line":81,"column":6},"end":{"line":81,"column":28}},"41":{"start":{"line":82,"column":6},"end":{"line":82,"column":28}},"42":{"start":{"line":83,"column":6},"end":{"line":83,"column":26}},"43":{"start":{"line":88,"column":4},"end":{"line":88,"column":30}}},"fnMap":{"0":{"name":"(anonymous_0)","decl":{"start":{"line":4,"column":2},"end":{"line":4,"column":3}},"loc":{"start":{"line":4,"column":16},"end":{"line":6,"column":3}},"line":4},"1":{"name":"(anonymous_1)","decl":{"start":{"line":8,"column":2},"end":{"line":8,"column":3}},"loc":{"start":{"line":8,"column":12},"end":{"line":85,"column":3}},"line":8},"2":{"name":"(anonymous_2)","decl":{"start":{"line":67,"column":29},"end":{"line":67,"column":30}},"loc":{"start":{"line":67,"column":40},"end":{"line":72,"column":5}},"line":67},"3":{"name":"(anonymous_3)","decl":{"start":{"line":74,"column":33},"end":{"line":74,"column":34}},"loc":{"start":{"line":74,"column":43},"end":{"line":76,"column":5}},"line":74},"4":{"name":"(anonymous_4)","decl":{"start":{"line":78,"column":29},"end":{"line":78,"column":30}},"loc":{"start":{"line":78,"column":35},"end":{"line":84,"column":5}},"line":78},"5":{"name":"(anonymous_5)","decl":{"start":{"line":87,"column":2},"end":{"line":87,"column":3}},"loc":{"start":{"line":87,"column":11},"end":{"line":89,"column":3}},"line":87}},"branchMap":{},"s":{"0":0,"1":0,"2":0,"3":0,"4":0,"5":0,"6":0,"7":0,"8":0,"9":0,"10":0,"11":0,"12":0,"13":0,"14":0,"15":0,"16":0,"17":0,"18":0,"19":0,"20":0,"21":0,"22":0,"23":0,"24":0,"25":0,"26":0,"27":0,"28":0,"29":0,"30":0,"31":0,"32":0,"33":0,"34":0,"35":0,"36":0,"37":0,"38":0,"39":0,"40":0,"41":0,"42":0,"43":0},"f":{"0":0,"1":0,"2":0,"3":0,"4":0,"5":0},"b":{},"_coverageSchema":"1a1c01bbd47fc00a2c39e90264f33305004495a9","hash":"b9cd293a3cc6389c4688de058e1e129f3abb835b"}
,"C:\\Users\\Ana Belen Obolevich\\OneDrive\\MICROVERSE\\CURRICULUM\\Vaccinator-Phaser-Game\\src\\Scenes\\TitleScene.js": {"path":"C:\\Users\\Ana Belen Obolevich\\OneDrive\\MICROVERSE\\CURRICULUM\\Vaccinator-Phaser-Game\\src\\Scenes\\TitleScene.js","statementMap":{"0":{"start":{"line":6,"column":4},"end":{"line":6,"column":19}},"1":{"start":{"line":10,"column":4},"end":{"line":14,"column":21}},"2":{"start":{"line":16,"column":4},"end":{"line":16,"column":52}},"3":{"start":{"line":17,"column":4},"end":{"line":17,"column":83}},"4":{"start":{"line":18,"column":4},"end":{"line":18,"column":90}},"5":{"start":{"line":19,"column":4},"end":{"line":19,"column":89}},"6":{"start":{"line":20,"column":20},"end":{"line":20,"column":64}},"7":{"start":{"line":21,"column":24},"end":{"line":21,"column":53}},"8":{"start":{"line":22,"column":4},"end":{"line":22,"column":19}},"9":{"start":{"line":24,"column":31},"end":{"line":31,"column":5}},"10":{"start":{"line":25,"column":25},"end":{"line":28,"column":37}},"11":{"start":{"line":29,"column":21},"end":{"line":29,"column":69}},"12":{"start":{"line":29,"column":51},"end":{"line":29,"column":65}},"13":{"start":{"line":30,"column":6},"end":{"line":30,"column":20}},"14":{"start":{"line":34,"column":4},"end":{"line":54,"column":7}},"15":{"start":{"line":35,"column":6},"end":{"line":35,"column":22}},"16":{"start":{"line":36,"column":6},"end":{"line":36,"column":48}},"17":{"start":{"line":37,"column":6},"end":{"line":44,"column":8}},"18":{"start":{"line":40,"column":10},"end":{"line":40,"column":28}},"19":{"start":{"line":41,"column":10},"end":{"line":41,"column":29}},"20":{"start":{"line":45,"column":6},"end":{"line":45,"column":59}},"21":{"start":{"line":45,"column":34},"end":{"line":45,"column":50}},"22":{"start":{"line":46,"column":6},"end":{"line":53,"column":8}},"23":{"start":{"line":49,"column":10},"end":{"line":49,"column":25}},"24":{"start":{"line":50,"column":10},"end":{"line":50,"column":52}}},"fnMap":{"0":{"name":"(anonymous_0)","decl":{"start":{"line":5,"column":2},"end":{"line":5,"column":3}},"loc":{"start":{"line":5,"column":16},"end":{"line":7,"column":3}},"line":5},"1":{"name":"(anonymous_1)","decl":{"start":{"line":9,"column":2},"end":{"line":9,"column":3}},"loc":{"start":{"line":9,"column":11},"end":{"line":55,"column":3}},"line":9},"2":{"name":"(anonymous_2)","decl":{"start":{"line":24,"column":31},"end":{"line":24,"column":32}},"loc":{"start":{"line":24,"column":40},"end":{"line":31,"column":5}},"line":24},"3":{"name":"(anonymous_3)","decl":{"start":{"line":29,"column":37},"end":{"line":29,"column":38}},"loc":{"start":{"line":29,"column":51},"end":{"line":29,"column":65}},"line":29},"4":{"name":"(anonymous_4)","decl":{"start":{"line":34,"column":71},"end":{"line":34,"column":72}},"loc":{"start":{"line":34,"column":80},"end":{"line":54,"column":5}},"line":34},"5":{"name":"(anonymous_5)","decl":{"start":{"line":39,"column":8},"end":{"line":39,"column":9}},"loc":{"start":{"line":39,"column":14},"end":{"line":42,"column":9}},"line":39},"6":{"name":"(anonymous_6)","decl":{"start":{"line":45,"column":27},"end":{"line":45,"column":28}},"loc":{"start":{"line":45,"column":34},"end":{"line":45,"column":50}},"line":45},"7":{"name":"(anonymous_7)","decl":{"start":{"line":48,"column":8},"end":{"line":48,"column":9}},"loc":{"start":{"line":48,"column":14},"end":{"line":51,"column":9}},"line":48}},"branchMap":{},"s":{"0":0,"1":0,"2":0,"3":0,"4":0,"5":0,"6":0,"7":0,"8":0,"9":0,"10":0,"11":0,"12":0,"13":0,"14":0,"15":0,"16":0,"17":0,"18":0,"19":0,"20":0,"21":0,"22":0,"23":0,"24":0},"f":{"0":0,"1":0,"2":0,"3":0,"4":0,"5":0,"6":0,"7":0},"b":{},"_coverageSchema":"1a1c01bbd47fc00a2c39e90264f33305004495a9","hash":"2eafc5ccfd28424d6ba9a211ddf6b61c71b5391a"}
,"C:\\Users\\Ana Belen Obolevich\\OneDrive\\MICROVERSE\\CURRICULUM\\Vaccinator-Phaser-Game\\src\\utils\\getScores.js": {"path":"C:\\Users\\Ana Belen Obolevich\\OneDrive\\MICROVERSE\\CURRICULUM\\Vaccinator-Phaser-Game\\src\\utils\\getScores.js","statementMap":{"0":{"start":{"line":2,"column":23},"end":{"line":6,"column":1}},"1":{"start":{"line":3,"column":2},"end":{"line":3,"column":39}},"2":{"start":{"line":3,"column":27},"end":{"line":3,"column":37}},"3":{"start":{"line":4,"column":2},"end":{"line":4,"column":38}},"4":{"start":{"line":4,"column":27},"end":{"line":4,"column":36}},"5":{"start":{"line":5,"column":2},"end":{"line":5,"column":11}},"6":{"start":{"line":8,"column":18},"end":{"line":23,"column":1}},"7":{"start":{"line":9,"column":18},"end":{"line":21,"column":69}},"8":{"start":{"line":18,"column":24},"end":{"line":18,"column":39}},"9":{"start":{"line":19,"column":22},"end":{"line":19,"column":35}},"10":{"start":{"line":20,"column":23},"end":{"line":20,"column":51}},"11":{"start":{"line":21,"column":20},"end":{"line":21,"column":68}},"12":{"start":{"line":22,"column":2},"end":{"line":22,"column":17}}},"fnMap":{"0":{"name":"(anonymous_0)","decl":{"start":{"line":2,"column":23},"end":{"line":2,"column":24}},"loc":{"start":{"line":2,"column":33},"end":{"line":6,"column":1}},"line":2},"1":{"name":"(anonymous_1)","decl":{"start":{"line":8,"column":18},"end":{"line":8,"column":19}},"loc":{"start":{"line":8,"column":30},"end":{"line":23,"column":1}},"line":8},"2":{"name":"(anonymous_2)","decl":{"start":{"line":18,"column":10},"end":{"line":18,"column":11}},"loc":{"start":{"line":18,"column":24},"end":{"line":18,"column":39}},"line":18},"3":{"name":"(anonymous_3)","decl":{"start":{"line":19,"column":10},"end":{"line":19,"column":11}},"loc":{"start":{"line":19,"column":22},"end":{"line":19,"column":35}},"line":19},"4":{"name":"(anonymous_4)","decl":{"start":{"line":20,"column":10},"end":{"line":20,"column":11}},"loc":{"start":{"line":20,"column":23},"end":{"line":20,"column":51}},"line":20},"5":{"name":"(anonymous_5)","decl":{"start":{"line":21,"column":11},"end":{"line":21,"column":12}},"loc":{"start":{"line":21,"column":20},"end":{"line":21,"column":68}},"line":21}},"branchMap":{"0":{"loc":{"start":{"line":3,"column":2},"end":{"line":3,"column":39}},"type":"if","locations":[{"start":{"line":3,"column":2},"end":{"line":3,"column":39}},{"start":{"line":3,"column":2},"end":{"line":3,"column":39}}],"line":3},"1":{"loc":{"start":{"line":4,"column":2},"end":{"line":4,"column":38}},"type":"if","locations":[{"start":{"line":4,"column":2},"end":{"line":4,"column":38}},{"start":{"line":4,"column":2},"end":{"line":4,"column":38}}],"line":4}},"s":{"0":2,"1":8,"2":2,"3":6,"4":6,"5":0,"6":2,"7":0,"8":0,"9":0,"10":0,"11":0,"12":0},"f":{"0":8,"1":0,"2":0,"3":0,"4":0,"5":0},"b":{"0":[2,6],"1":[6,0]},"_coverageSchema":"1a1c01bbd47fc00a2c39e90264f33305004495a9","hash":"8b690478067cd2ece2bff2044185fa92df7ee8d6"}
,"C:\\Users\\Ana Belen Obolevich\\OneDrive\\MICROVERSE\\CURRICULUM\\Vaccinator-Phaser-Game\\src\\utils\\postNewLeader.js": {"path":"C:\\Users\\Ana Belen Obolevich\\OneDrive\\MICROVERSE\\CURRICULUM\\Vaccinator-Phaser-Game\\src\\utils\\postNewLeader.js","statementMap":{"0":{"start":{"line":1,"column":20},"end":{"line":17,"column":1}},"1":{"start":{"line":2,"column":15},"end":{"line":5,"column":3}},"2":{"start":{"line":6,"column":2},"end":{"line":16,"column":4}}},"fnMap":{"0":{"name":"(anonymous_0)","decl":{"start":{"line":1,"column":20},"end":{"line":1,"column":21}},"loc":{"start":{"line":1,"column":51},"end":{"line":17,"column":1}},"line":1}},"branchMap":{},"s":{"0":1,"1":0,"2":0},"f":{"0":0},"b":{},"_coverageSchema":"1a1c01bbd47fc00a2c39e90264f33305004495a9","hash":"70914ac93e332bcc144d40386717db4070c02ab5"}
,"C:\\Users\\Ana Belen Obolevich\\OneDrive\\MICROVERSE\\CURRICULUM\\Vaccinator-Phaser-Game\\src\\utils\\scoreTresholds.js": {"path":"C:\\Users\\Ana Belen Obolevich\\OneDrive\\MICROVERSE\\CURRICULUM\\Vaccinator-Phaser-Game\\src\\utils\\scoreTresholds.js","statementMap":{"0":{"start":{"line":2,"column":19},"end":{"line":10,"column":1}},"1":{"start":{"line":12,"column":21},"end":{"line":12,"column":79}},"2":{"start":{"line":12,"column":32},"end":{"line":12,"column":79}},"3":{"start":{"line":12,"column":61},"end":{"line":12,"column":75}},"4":{"start":{"line":13,"column":31},"end":{"line":13,"column":89}},"5":{"start":{"line":13,"column":42},"end":{"line":13,"column":89}},"6":{"start":{"line":13,"column":71},"end":{"line":13,"column":85}}},"fnMap":{"0":{"name":"(anonymous_0)","decl":{"start":{"line":12,"column":21},"end":{"line":12,"column":22}},"loc":{"start":{"line":12,"column":32},"end":{"line":12,"column":79}},"line":12},"1":{"name":"(anonymous_1)","decl":{"start":{"line":12,"column":48},"end":{"line":12,"column":49}},"loc":{"start":{"line":12,"column":61},"end":{"line":12,"column":75}},"line":12},"2":{"name":"(anonymous_2)","decl":{"start":{"line":13,"column":31},"end":{"line":13,"column":32}},"loc":{"start":{"line":13,"column":42},"end":{"line":13,"column":89}},"line":13},"3":{"name":"(anonymous_3)","decl":{"start":{"line":13,"column":58},"end":{"line":13,"column":59}},"loc":{"start":{"line":13,"column":71},"end":{"line":13,"column":85}},"line":13}},"branchMap":{},"s":{"0":2,"1":2,"2":1,"3":6,"4":2,"5":1,"6":6},"f":{"0":1,"1":6,"2":1,"3":6},"b":{},"_coverageSchema":"1a1c01bbd47fc00a2c39e90264f33305004495a9","hash":"db8f47ffc36f7c1a3e55e886d33c4e4d3a4f2fa8"}
,"C:\\Users\\Ana Belen Obolevich\\OneDrive\\MICROVERSE\\CURRICULUM\\Vaccinator-Phaser-Game\\src\\utils\\titleMenuHighlight.js": {"path":"C:\\Users\\Ana Belen Obolevich\\OneDrive\\MICROVERSE\\CURRICULUM\\Vaccinator-Phaser-Game\\src\\utils\\titleMenuHighlight.js","statementMap":{"0":{"start":{"line":1,"column":27},"end":{"line":3,"column":1}},"1":{"start":{"line":2,"column":2},"end":{"line":2,"column":18}},"2":{"start":{"line":5,"column":28},"end":{"line":7,"column":1}},"3":{"start":{"line":6,"column":2},"end":{"line":6,"column":16}}},"fnMap":{"0":{"name":"(anonymous_0)","decl":{"start":{"line":1,"column":27},"end":{"line":1,"column":28}},"loc":{"start":{"line":1,"column":36},"end":{"line":3,"column":1}},"line":1},"1":{"name":"(anonymous_1)","decl":{"start":{"line":5,"column":28},"end":{"line":5,"column":29}},"loc":{"start":{"line":5,"column":37},"end":{"line":7,"column":1}},"line":5}},"branchMap":{},"s":{"0":2,"1":1,"2":2,"3":1},"f":{"0":1,"1":1},"b":{},"_coverageSchema":"1a1c01bbd47fc00a2c39e90264f33305004495a9","hash":"a638693b04b3294fc755e08242a611bd8628aa59"}
}
